<?xml version="1.0" encoding="UTF-8"?>
<!-- Generated by org.testng.reporters.JUnitReportReporter -->
<testsuite hostname="HJNZL001463" failures="0" tests="1" name="UI.VerifyTitleTest" time="0.000" errors="0" timestamp="2021-10-14T10:03:43 IST" skipped="1">
  <testcase classname="UI.VerifyTitleTest" name="titleTest" time="0.000">
    <skipped/>
  </testcase> <!-- titleTest -->
  <system-out/>
</testsuite> <!-- UI.VerifyTitleTest -->
