<?xml version="1.0" encoding="UTF-8"?>
<!-- Generated by org.testng.reporters.JUnitReportReporter -->
<testsuite hostname="HJNZL001463" failures="0" tests="2" name="UI.TestAnnotation" time="0.000" errors="0" timestamp="2021-10-14T10:03:43 IST" skipped="2">
  <testcase classname="UI.TestAnnotation" name="test3" time="0.000">
    <skipped/>
  </testcase> <!-- test3 -->
  <system-out/>
  <testcase classname="UI.TestAnnotation" name="test4" time="0.000">
    <skipped/>
  </testcase> <!-- test4 -->
  <system-out/>
</testsuite> <!-- UI.TestAnnotation -->
