<?xml version="1.0" encoding="UTF-8"?>
<!-- Generated by org.testng.reporters.JUnitReportReporter -->
<testsuite hostname="HJNZL001463" failures="0" tests="6" name="UI.DataProviderDemoExternal" time="0.000" errors="0" timestamp="2021-10-14T10:03:43 IST" skipped="6">
  <testcase classname="UI.DataProviderDemoExternal" name="display4" time="0.000">
    <skipped/>
  </testcase> <!-- display4 -->
  <system-out/>
  <testcase classname="UI.DataProviderDemoExternal" name="display3" time="0.000">
    <skipped/>
  </testcase> <!-- display3 -->
  <system-out/>
  <testcase classname="UI.DataProviderDemoExternal" name="display4" time="0.000">
    <skipped/>
  </testcase> <!-- display4 -->
  <system-out/>
  <testcase classname="UI.DataProviderDemoExternal" name="display4" time="0.000">
    <skipped/>
  </testcase> <!-- display4 -->
  <system-out/>
  <testcase classname="UI.DataProviderDemoExternal" name="display3" time="0.000">
    <skipped/>
  </testcase> <!-- display3 -->
  <system-out/>
  <testcase classname="UI.DataProviderDemoExternal" name="display3" time="0.000">
    <skipped/>
  </testcase> <!-- display3 -->
  <system-out/>
</testsuite> <!-- UI.DataProviderDemoExternal -->
