<?xml version="1.0" encoding="UTF-8"?>
<!-- Generated by org.testng.reporters.JUnitReportReporter -->
<testsuite hostname="HJNZL001463" failures="0" tests="3" name="UI.SkipTestDemo" time="0.000" errors="0" timestamp="2021-10-14T10:03:43 IST" skipped="3">
  <testcase classname="UI.SkipTestDemo" name="skipTest3" time="0.000">
    <skipped/>
  </testcase> <!-- skipTest3 -->
  <system-out/>
  <testcase classname="UI.SkipTestDemo" name="skipTest2" time="0.000">
    <skipped/>
  </testcase> <!-- skipTest2 -->
  <system-out/>
  <testcase classname="UI.SkipTestDemo" name="skipTest1">
    <skipped/>
  </testcase> <!-- skipTest1 -->
  <system-out/>
</testsuite> <!-- UI.SkipTestDemo -->
