<?xml version="1.0" encoding="UTF-8"?>
<!-- Generated by org.testng.reporters.JUnitReportReporter -->
<testsuite hostname="HJNZL001463" failures="0" tests="2" name="UI.LoginTest" time="0.000" errors="0" timestamp="2021-10-14T10:03:43 IST" skipped="2">
  <testcase classname="UI.LoginTest" name="bloginTest" time="0.000">
    <skipped/>
  </testcase> <!-- bloginTest -->
  <system-out/>
  <testcase classname="UI.LoginTest" name="alogoutTest" time="0.000">
    <skipped/>
  </testcase> <!-- alogoutTest -->
  <system-out/>
</testsuite> <!-- UI.LoginTest -->
