<?xml version="1.0" encoding="UTF-8"?>
<!-- Generated by org.testng.reporters.JUnitReportReporter -->
<testsuite hostname="HJNZL001463" failures="0" tests="1" name="UI.DataParameterDemo" time="0.007" errors="0" timestamp="2021-10-14T10:24:13 IST" skipped="0">
  <testcase classname="UI.DataParameterDemo" name="display" time="0.007"/>
  <system-out/>
</testsuite> <!-- UI.DataParameterDemo -->
